<?xml version="1.0" encoding="UTF-8"?>
<testng-results skipped="0" failed="1" ignored="0" total="2" passed="1">
  <reporter-output>
  </reporter-output>
  <suite name="Default suite" duration-ms="34702" started-at="2022-06-10T07:16:58Z" finished-at="2022-06-10T07:17:32Z">
    <groups>
    </groups>
    <test name="Default test" duration-ms="34702" started-at="2022-06-10T07:16:58Z" finished-at="2022-06-10T07:17:32Z">
      <class name="com.guru99Insurance.testCases.LoginPageDDT">
        <test-method status="PASS" signature="initialization()[pri:0, instance:com.guru99Insurance.testCases.LoginPageDDT@71423665]" name="initialization" is-config="true" duration-ms="5598" started-at="2022-06-10T12:46:58Z" finished-at="2022-06-10T12:47:04Z">
          <reporter-output>
          </reporter-output>
        </test-method> <!-- initialization -->
        <test-method status="PASS" signature="loginToApplication(java.lang.String, java.lang.String)[pri:0, instance:com.guru99Insurance.testCases.LoginPageDDT@71423665]" name="loginToApplication" duration-ms="16877" started-at="2022-06-10T12:47:04Z" data-provider="loginData" finished-at="2022-06-10T12:47:21Z">
          <params>
            <param index="0">
              <value>
                <![CDATA[ankush12@gmail.com]]>
              </value>
            </param>
            <param index="1">
              <value>
                <![CDATA[ankush@12]]>
              </value>
            </param>
          </params>
          <reporter-output>
          </reporter-output>
        </test-method> <!-- loginToApplication -->
        <test-method status="PASS" signature="tearDown()[pri:0, instance:com.guru99Insurance.testCases.LoginPageDDT@71423665]" name="tearDown" is-config="true" duration-ms="1490" started-at="2022-06-10T12:47:21Z" finished-at="2022-06-10T12:47:22Z">
          <reporter-output>
          </reporter-output>
        </test-method> <!-- tearDown -->
        <test-method status="PASS" signature="initialization()[pri:0, instance:com.guru99Insurance.testCases.LoginPageDDT@71423665]" name="initialization" is-config="true" duration-ms="4677" started-at="2022-06-10T12:47:22Z" finished-at="2022-06-10T12:47:27Z">
          <reporter-output>
          </reporter-output>
        </test-method> <!-- initialization -->
        <test-method status="FAIL" signature="loginToApplication(java.lang.String, java.lang.String)[pri:0, instance:com.guru99Insurance.testCases.LoginPageDDT@71423665]" name="loginToApplication" duration-ms="4202" started-at="2022-06-10T12:47:27Z" data-provider="loginData" finished-at="2022-06-10T12:47:31Z">
          <params>
            <param index="0">
              <value>
                <![CDATA[riya@gmail.com]]>
              </value>
            </param>
            <param index="1">
              <value>
                <![CDATA[riya@12]]>
              </value>
            </param>
          </params>
          <exception class="java.lang.AssertionError">
            <message>
              <![CDATA[expected [true] but found [false]]]>
            </message>
            <full-stacktrace>
              <![CDATA[java.lang.AssertionError: expected [true] but found [false]
	at org.testng.Assert.fail(Assert.java:93)
	at org.testng.Assert.failNotEquals(Assert.java:512)
	at org.testng.Assert.assertTrue(Assert.java:41)
	at org.testng.Assert.assertTrue(Assert.java:51)
	at com.guru99Insurance.testCases.LoginPageDDT.loginToApplication(LoginPageDDT.java:34)
	at sun.reflect.NativeMethodAccessorImpl.invoke0(Native Method)
	at sun.reflect.NativeMethodAccessorImpl.invoke(NativeMethodAccessorImpl.java:62)
	at sun.reflect.DelegatingMethodAccessorImpl.invoke(DelegatingMethodAccessorImpl.java:43)
	at java.lang.reflect.Method.invoke(Method.java:498)
	at org.testng.internal.MethodInvocationHelper.invokeMethod(MethodInvocationHelper.java:108)
	at org.testng.internal.Invoker.invokeMethod(Invoker.java:661)
	at org.testng.internal.Invoker.invokeTestMethod(Invoker.java:869)
	at org.testng.internal.Invoker.invokeTestMethods(Invoker.java:1193)
	at org.testng.internal.TestMethodWorker.invokeTestMethods(TestMethodWorker.java:126)
	at org.testng.internal.TestMethodWorker.run(TestMethodWorker.java:109)
	at org.testng.TestRunner.privateRun(TestRunner.java:744)
	at org.testng.TestRunner.run(TestRunner.java:602)
	at org.testng.SuiteRunner.runTest(SuiteRunner.java:380)
	at org.testng.SuiteRunner.runSequentially(SuiteRunner.java:375)
	at org.testng.SuiteRunner.privateRun(SuiteRunner.java:340)
	at org.testng.SuiteRunner.run(SuiteRunner.java:289)
	at org.testng.SuiteRunnerWorker.runSuite(SuiteRunnerWorker.java:52)
	at org.testng.SuiteRunnerWorker.run(SuiteRunnerWorker.java:86)
	at org.testng.TestNG.runSuitesSequentially(TestNG.java:1301)
	at org.testng.TestNG.runSuitesLocally(TestNG.java:1226)
	at org.testng.TestNG.runSuites(TestNG.java:1144)
	at org.testng.TestNG.run(TestNG.java:1115)
	at org.testng.remote.AbstractRemoteTestNG.run(AbstractRemoteTestNG.java:132)
	at org.testng.remote.RemoteTestNG.initAndRun(RemoteTestNG.java:230)
	at org.testng.remote.RemoteTestNG.main(RemoteTestNG.java:76)
]]>
            </full-stacktrace>
          </exception> <!-- java.lang.AssertionError -->
          <reporter-output>
          </reporter-output>
        </test-method> <!-- loginToApplication -->
        <test-method status="PASS" signature="tearDown()[pri:0, instance:com.guru99Insurance.testCases.LoginPageDDT@71423665]" name="tearDown" is-config="true" duration-ms="1242" started-at="2022-06-10T12:47:31Z" finished-at="2022-06-10T12:47:32Z">
          <reporter-output>
          </reporter-output>
        </test-method> <!-- tearDown -->
      </class> <!-- com.guru99Insurance.testCases.LoginPageDDT -->
    </test> <!-- Default test -->
  </suite> <!-- Default suite -->
</testng-results>
